<?xml version="1.0"?>
<atn>
    <TEST name="InDetByteStreamErrorsAthenaPoolTest" type="makecheck" suite="Examples">
       <package>InnerDetector/InDetConditions/InDetByteStreamErrorsAthenaPool</package>
       <timelimit>10</timelimit>
       <author> scott snyder </author>
       <mailto> snyder@bnl.gov</mailto>
       <expectations>
          <errorMessage>Athena exited abnormally</errorMessage>
          <errorMessage>differ</errorMessage>
          <warningMessage> # WARNING_MESSAGE : post.sh> ERROR</warningMessage>
          <successMessage>check ok</successMessage>
          <returnValue>0</returnValue>
       </expectations>
    </TEST>
</atn>
