<?xml version="1.0"?>  
<!DOCTYPE unifiedTestConfiguration SYSTEM "http://www.hep.ucl.ac.uk/atlas/AtlasTesting/DTD/unifiedTestConfiguration.dtd">
<!--
 ***************************************************************************
 *
 *               TrigP1Test_TestConfiguration.xml.autoconf
 *
 * This file is used as input to test-xml-autoconf.py during the build.
 * It will create TrigP1Test_TestConfiguraton.xml on-the-fly, which is
 * used by ATN and RTT tests.
 *
 * For detailed syntax see: TrigValTools/bin/test-xml-autoconf.py
 *
 ***************************************************************************
 -->
<!-- NB validate this file here before commiting to svn:
 /afs/cern.ch/user/r/rtt/public/xmlvalidate.py TrigP1Test_TestConfiguration.xml.autoconf
 -->

<unifiedTestConfiguration>
    
    <!-- ATN tests -->
    <!--
     **************************************************************************
     *
     * This file defines these test suites   TrigP1HLTcore,TrigP1HLTCOS, TrigP1HLTMC, TrigP1HLTphysv6, TrigP1HLTvarious and TrigP1HLTmenus
     * 
     * Note that for the summary html table to run  we need to have at least one test for
     * each suite.   This has been arranged in all projects,  but be carefully when editing 
     *
     ***************************************************************************
     -->
    
    <atn>
        
        <!-- ENABLE-IN-PROJECT-BEGIN: AtlasHLT AtlasP1HLT AtlasCAFHLT AtlasTestHLT AtlasHLT-->
        <TEST name="HelloWorldHLT" type="script" suite="TrigP1HLTcore">
            <options_atn>trigtest.pl --cleardir --test HelloWorldHLT --rundir HelloWorldHLT --conf TrigP1Test.conf</options_atn>
            <timelimit>5</timelimit>
            <expectations>
                <returnValue>0</returnValue>
            </expectations>
        </TEST>
        
        <TEST name="HelloWorldHLT_run_stop_run" type="script" suite="TrigP1HLTcore">
            <options_atn>trigtest.pl --cleardir --test HelloWorldHLT_run_stop_run --rundir HelloWorldHLT_run_stop_run --conf TrigP1Test.conf</options_atn>
            <timelimit>10</timelimit>
            <expectations>
                <returnValue>0</returnValue>
            </expectations>
        </TEST>
        
        <TEST name="AthenaP1RDOtoBS" type="script" suite="TrigP1HLTcore"> 
            <options_atn>trigtest.pl --cleardir --test AthenaP1RDOtoBS --rundir AthenaP1RDOtoBS --conf TrigP1Test.conf</options_atn> 
            <timelimit>20</timelimit> 
            <expectations> 
                <errorMessage>FAILURE </errorMessage> 
                <returnValue>0</returnValue> 
            </expectations> 
        </TEST> 
        
        <TEST name="HLT_MC_BSfromRDO" type="script" suite="TrigP1HLTcore">
            <options_atn>trigtest.pl --cleardir --test HLT_MC_BSfromRDO --rundir HLT_MC_BSfromRDO --conf TrigP1Test.conf</options_atn>
            <timelimit>20</timelimit>
            <nightly_exclude>.*</nightly_exclude>
            <expectations>
                <errorMessage>FAILURE </errorMessage>
                <returnValue>0</returnValue>
            </expectations>
        </TEST>
        
        <TEST name="HLT_MC_run_stop_run" type="script" suite="TrigP1HLTcore">
            <doc>athenaHLT all slices</doc>
            <options_atn>trigtest.pl --cleardir --test HLT_MC_run_stop_run--rundir HLT_MC_run_stop_run --conf TrigP1Test.conf</options_atn>
            <timelimit>20</timelimit>
            <nightly_exclude>.*</nightly_exclude>
            <expectations>
                <errorMessage>FAILURE </errorMessage>
                <returnValue>0</returnValue>
            </expectations>
        </TEST>
        
        <!-- ENABLE-IN-PROJECT-END -->
        
        

        <!-- ENABLE-IN-PROJECT-BEGIN: AtlasHLT AtlasP1HLT AtlasCAFHLT AtlasTestHLT AtlasHLT--> 

         <TEST name="HLT_HIV3" type="script" suite="TrigP1HLThiV3"> 
            <options_atn>trigtest.pl --cleardir --test HLT_HIV3  --rundir HLT_HIV3 --conf TrigP1Test.conf</options_atn> 
            <timelimit>35</timelimit> 
            <expectations> 
                <errorMessage>FAILURE </errorMessage> 
                <returnValue>0</returnValue> 
            </expectations> 
        </TEST>  

        <!-- ENABLE-IN-PROJECT-END --> 
        <!-- End of physics Heavy ION menu chain --> 



        <!-- ENABLE-IN-PROJECT-BEGIN: AtlasHLT AtlasP1HLT AtlasCAFHLT AtlasTestHLT AtlasHLT--> 
        
        <TEST name="HLT_physicsV6_COS" type="script" suite="TrigP1HLTCOS"> 
            <options_atn>trigtest.pl --cleardir --test HLT_physicsV6_COS --rundir HLT_physicsV6_COS --conf TrigP1Test.conf</options_atn> 
            <timelimit>20</timelimit> 
            <expectations> 
                <errorMessage>FAILURE </errorMessage> 
                <returnValue>0</returnValue> 
            </expectations> 
        </TEST>

        <TEST name="HLT_physicsV6_COS_2012" type="script" suite="TrigP1HLTCOS"> 
            <options_atn>trigtest.pl --cleardir --test HLT_physicsV6_COS_2012 --rundir HLT_physicsV6_COS_2012 --conf TrigP1Test.conf</options_atn> 
            <timelimit>20</timelimit> 
            <expectations> 
                <errorMessage>FAILURE </errorMessage> 
                <returnValue>0</returnValue> 
            </expectations> 
        </TEST>    
        
        <TEST name="HLT_physicsV6_COS_2015MUONS" type="script" suite="TrigP1HLTCOS"> 
            <options_atn>trigtest.pl --cleardir --test HLT_physicsV6_COS_2015MUONS --rundir HLT_physicsV6_COS_2015MUONS --conf TrigP1Test.conf</options_atn> 
            <timelimit>20</timelimit> 
            <expectations> 
                <errorMessage>FAILURE </errorMessage> 
                <returnValue>0</returnValue> 
            </expectations> 
        </TEST>

        <TEST name="HLT_physicsV6_COS_2015IDCOSMICS" type="script" suite="TrigP1HLTCOS"> 
            <options_atn>trigtest.pl --cleardir --test HLT_physicsV6_COS_2015IDCOSMICS --rundir HLT_physicsV6_COS_2015IDCOSMICS --conf TrigP1Test.conf</options_atn> 
            <timelimit>20</timelimit>  
            <expectations> 
                <errorMessage>FAILURE </errorMessage> 
                <returnValue>0</returnValue> 
            </expectations> 
        </TEST>

        
        <TEST name="HLT_physicsV6_COS_2015CALO" type="script" suite="TrigP1HLTCOS"> 
            <options_atn>trigtest.pl --cleardir --test HLT_physicsV6_COS_2015CALO --rundir HLT_physicsV6_COS_2015CALO   --conf TrigP1Test.conf</options_atn> 
            <timelimit>20</timelimit> 
            <expectations> 
                <errorMessage>FAILURE </errorMessage> 
                <returnValue>0</returnValue> 
            </expectations> 
        </TEST>

         <TEST name="HLT_physicsV6_COS_2015MBTS" type="script" suite="TrigP1HLTCOS"> 
            <options_atn>trigtest.pl --cleardir --test HLT_physicsV6_COS_2015MBTS --rundir HLT_physicsV6_COS_2015MBTS   --conf TrigP1Test.conf</options_atn> 
            <timelimit>20</timelimit> 
            <expectations> 
                <errorMessage>FAILURE </errorMessage> 
                <returnValue>0</returnValue> 
            </expectations> 
        </TEST>

        
        <!-- ENABLE-IN-PROJECT-END --> 
            
        
        <!-- ENABLE-IN-PROJECT-BEGIN: AtlasHLT AtlasP1HLT AtlasCAFHLT AtlasTestHLT AtlasHLT -->
        
        <TEST name="HLT_mcV6" type="script" suite="TrigP1HLTMC">
            <options_atn>trigtest.pl --cleardir --test HLT_mcV6 --rundir HLT_mcV6 --conf TrigP1Test.conf</options_atn>
            <timelimit>40</timelimit>      
            <expectations>
                <errorMessage>FAILURE </errorMessage>
                <returnValue>0</returnValue>
            </expectations>
        </TEST>
        
        
        <TEST name="HLT_physicsV6_caf" type="script" suite="TrigP1HLTMC">
            <options_atn>trigtest.pl --cleardir --test HLT_physicsV6_caf --rundir HLT_physicsV6_caf --conf TrigP1Test.conf</options_atn>
            <timelimit>30</timelimit>
            <nightly_exclude>.*</nightly_exclude>
            <expectations>
                <errorMessage>FAILURE </errorMessage>
                <returnValue>0</returnValue>
            </expectations>
        </TEST>
        
        <TEST name="PrepareMenuKeys_mcV6_caf" type="script" suite="TrigP1HLTMC">
            <options_atn>trigtest.pl --cleardir  --test PrepareMenuKeys_mcV6_caf --rundir PrepareMenuKeys_mcV6_caf --conf TrigP1Test.conf</options_atn>
            <timelimit>25</timelimit>
            <nightly_exclude>.*</nightly_exclude>
            <expectations>
                <errorMessage>FAILURE </errorMessage>
                <returnValue>0</returnValue>
            </expectations>
        </TEST>
        
        <TEST name="PrepareMenuKeys_physicsV6_caf" type="script" suite="TrigP1HLTMC">
            <options_atn>trigtest.pl --cleardir  --test PrepareMenuKeys_physicsV6_caf --rundir PrepareMenuKeys_physicsV6_caf --conf TrigP1Test.conf</options_atn>
            <timelimit>25</timelimit>
            <nightly_exclude>.*</nightly_exclude>
            <expectations>
                <errorMessage>FAILURE </errorMessage>
                <returnValue>0</returnValue>
            </expectations>
        </TEST>

        
        <!-- ENABLE-IN-PROJECT-END -->
        <!-- end of MC chain of tests -->
        
        <!-- ENABLE-IN-PROJECT-BEGIN: AtlasHLT AtlasP1HLT AtlasCAFHLT AtlasTestHLT AtlasHLT--> 
        <TEST name="HLT_physicsV6" type="script" suite="TrigP1HLTphysv6"> 
            <options_atn>trigtest.pl --cleardir --test HLT_physicsV6 --rundir HLT_physicsV6 --conf TrigP1Test.conf</options_atn> 
            <timelimit>20</timelimit> 
            <expectations> 
                <errorMessage>FAILURE </errorMessage> 
                <returnValue>0</returnValue> 
            </expectations> 
        </TEST> 

        <TEST name="HLT_physicsV6_L1Topo_data" type="script" suite="TrigP1HLTphysv6"> 
            <options_atn>trigtest.pl --cleardir --test HLT_physicsV6_L1Topo_data --rundir HLT_physicsV6_L1Topo_data --conf TrigP1Test.conf</options_atn> 
            <timelimit>20</timelimit> 
            <expectations> 
                <errorMessage>FAILURE </errorMessage> 
                <returnValue>0</returnValue> 
            </expectations> 
        </TEST> 

        <TEST name="HLT_physicsV6_ALFAMon" type="script" suite="TrigP1HLTphysv6"> 
            <options_atn>trigtest.pl --cleardir --test HLT_physicsV6_ALFAMon --rundir HLT_physicsV6_ALFAMon --conf TrigP1Test.conf</options_atn> 
            <timelimit>20</timelimit> 
            <expectations> 
                <errorMessage>FAILURE </errorMessage> 
                <returnValue>0</returnValue> 
            </expectations> 
        </TEST> 

        <TEST name="HLT_physicsV6_rerunlvl1" type="script" suite="TrigP1HLTphysv6"> 
            <options_atn>trigtest.pl --cleardir --test HLT_physicsV6_rerunlvl1 --rundir HLT_physicsV6_rerunlvl1 --conf TrigP1Test.conf</options_atn> 
            <timelimit>35</timelimit> 
            <expectations> 
                <errorMessage>FAILURE </errorMessage> 
                <returnValue>0</returnValue> 
            </expectations> 
        </TEST> 
        
        <TEST name="RAWtoESD_physicsV6" type="script" suite="TrigP1HLTphysV6"> 
            <options_atn>trigtest.pl --cleardir  --test RAWtoESD_physicsV6 --rundir RAWtoESD_physicsV6 --conf TrigP1Test.conf</options_atn> 
            <timelimit>30</timelimit> 
            <expectations> 
                <errorMessage>FAILURE </errorMessage> 
                <returnValue>0</returnValue> 
            </expectations> 
        </TEST> 
        
        <TEST name="TrigEDMCheck_physicsV6" type="script" suite="TrigP1HLTphysV6"> 
            <options_atn>trigtest.pl --cleardir  --test TrigEDMCheck_physicsV6 --rundir TrigEDMCheck_physicsV6 --conf TrigP1Test.conf</options_atn> 
            <timelimit>10</timelimit>           
            <expectations> 
                <errorMessage>FAILURE </errorMessage> 
                <returnValue>0</returnValue> 
            </expectations> 
        </TEST> 
        
        <TEST name="TrigDecTool_physicsV6" type="script" suite="TrigP1HLTphysV6"> 
            <options_atn>trigtest.pl --cleardir  --test TrigDecTool_physicsV6 --rundir TrigDecTool_physicsV6 --conf TrigP1Test.conf</options_atn> 
            <timelimit>10</timelimit> 
            <expectations> 
                <errorMessage>FAILURE </errorMessage> 
                <returnValue>0</returnValue> 
            </expectations> 
        </TEST> 
        
        <TEST name="AthenaP1BS_standalone" type="script" suite="TrigP1HLTphysV6">
            <options_atn>trigtest.pl --cleardir --test AthenaP1BS_standalone  --rundir AthenaP1BS_standalone --conf TrigP1Test.conf</options_atn>
            <timelimit>30</timelimit>
            <expectations>
                <errorMessage>FAILURE </errorMessage>
                <returnValue>0</returnValue>
            </expectations>
        </TEST>
        
        <TEST name="HLT_physicsV6_magField_on_off_on" type="script" suite="TrigP1HLTphysV6">
            <options_atn>trigtest.pl --cleardir --test HLT_physicsV6_magField_on_off_on --rundir HLT_physicsV6_magField_on_off_on --conf TrigP1Test.conf</options_atn>
            <timelimit>35</timelimit> 
            <expectations>
                <errorMessage>FAILURE </errorMessage>
                <returnValue>0</returnValue>
            </expectations>
        </TEST>

        
        
        <!-- ENABLE-IN-PROJECT-END --> 
        <!-- End of physics V6 menu chain --> 
        
        <!--  chain of test with various data, menu and detector conditions -->
        <!-- ENABLE-IN-PROJECT-BEGIN: AtlasHLT AtlasP1HLT AtlasCAFHLT AtlasTestHLT AtlasHLT-->
        <TEST name="HLT_physicsV6_run_stop_run" type="script" suite="TrigP1HLTvarious">
            <options_atn>trigtest.pl --cleardir --test HLT_physicsV6_run_stop_run --rundir HLT_physicsV6_run_stop_run --conf TrigP1Test.conf</options_atn>
            <timelimit>35</timelimit>
            <expectations>
                <errorMessage>FAILURE </errorMessage>
                <returnValue>0</returnValue>
            </expectations>
        </TEST>
        
        <TEST name="HLT_physicsV6_beamspot" type="script" suite="TrigP1HLTvarious">
            <options_atn>trigtest.pl --cleardir  --test HLT_physicsV6_beamspot --rundir HLT_physicsV6_beamspot --conf TrigP1Test.conf</options_atn>
            <timelimit>25</timelimit>
            <expectations>
                <errorMessage>FAILURE </errorMessage>
                <returnValue>0</returnValue>
            </expectations>
        </TEST>
        
        
        <!-- ENABLE-IN-PROJECT-END -->
        <!-- End of various  data, menu and detector conditions chain -->
        
        <!--  chain of test for automatic menu uploading to trigger DB  -->
        <!-- ENABLE-IN-PROJECT-BEGIN:  AtlasHLT AtlasP1HLT AtlasCAFHLT AtlasTestHLT AtlasHLT -->
        <TEST name="HLT_physicsV6_menu" type="script" suite="TrigP1HLTmenus">
            <options_atn>trigtest.pl --cleardir --test HLT_physicsV6_menu --rundir HLT_physicsV6_menu --conf TrigP1Test.conf</options_atn>
            <timelimit>20</timelimit>
            <expectations>
                <errorMessage>FAILURE </errorMessage>
                <returnValue>0</returnValue>
            </expectations>
        </TEST>
        
        <TEST name="HLT_physicsV6_rerunLvL1_menu" type="script" suite="TrigP1HLTmenus">
            <options_atn>trigtest.pl --cleardir --test HLT_physicsV6_rerunLvL1_menu --rundir HLT_physicsV6_rerunLvL1_menu --conf TrigP1Test.conf</options_atn>
            <timelimit>30</timelimit>
            <expectations>
                <errorMessage>FAILURE </errorMessage>
                <returnValue>0</returnValue>
            </expectations>
        </TEST>
       
        <!-- ENABLE-IN-PROJECT-END -->
        
        <!--  chain of test for automatic menu uploading to trigger DB  -->
        <!-- ENABLE-IN-PROJECT-BEGIN:  AtlasP1HLT AtlasCAFHLT AtlasTestHLT AtlasHLT -->
        
        <TEST name="UploadMenuKeys" type="script" suite="TrigP1HLTmenus">
            <options_atn>trigtest.pl --cleardir  --test UploadMenuKeys --rundir UploadMenuKeys --conf TrigP1Test.conf</options_atn>
            <timelimit>35</timelimit>
            <!--<mailto>joerg.stelzer@cern.ch</mailto>-->    
            <expectations>
                <errorMessage>FAILURE </errorMessage>
                <returnValue>0</returnValue>
            </expectations>
        </TEST>
        
        <TEST name="UploadMenuKeys_rerunLvL1" type="script" suite="TrigP1HLTmenus">
            <options_atn>trigtest.pl --cleardir  --test UploadMenuKeys_rerunLvL1 --rundir UploadMenuKeys_rerunLvL1 --conf TrigP1Test.conf</options_atn>
            <timelimit>35</timelimit>
            <!--<mailto>joerg.stelzer@cern.ch</mailto>-->    
            <expectations>
                <errorMessage>FAILURE </errorMessage>
                <returnValue>0</returnValue>
            </expectations>
        </TEST>



        <TEST name="TriggerDBAccessTest" type="script" suite="TrigP1HLTmenus">
            <options_atn>trigtest.pl --cleardir --test TriggerDBAccessTest --run TriggerDBAccessTest --conf TrigP1Test.conf</options_atn>
            <timelimit>5</timelimit>
            <nightly_exclude>.*</nightly_exclude>
            <!--<mailto>joerg.stelzer@cern.ch</mailto>--> 
            <!--<platform>opt</platform>--> 
            
            <expectations>
                <errorMessage>FAILURE </errorMessage>
                <returnValue>0</returnValue>
            </expectations>
        </TEST>
        
        <TEST name="HLT_physicsV6_menu_rerundb" type="script" suite="TrigP1HLTmenus">
            <options_atn>trigtest.pl --cleardir  --test HLT_physicsV6_menu_rerundb --rundir HLT_physicsV6_menu_rerundb --conf TrigP1Test.conf</options_atn>
            <timelimit>25</timelimit>
            <expectations>
                <errorMessage>FAILURE </errorMessage>
                <returnValue>0</returnValue>
            </expectations>
        </TEST>
        
        <TEST name="HLT_physicsV6_rerunLvL1_menu_rerundb" type="script" suite="TrigP1HLTmenus">
            <options_atn>trigtest.pl --cleardir  --test HLT_physicsV6_rerunLvL1_menu_rerundb --rundir HLT_physicsV6_rerunLvL1_menu_rerundb --conf TrigP1Test.conf</options_atn>
            <timelimit>25</timelimit>
            <expectations>
                <errorMessage>FAILURE </errorMessage>
                <returnValue>0</returnValue>
            </expectations>
        </TEST>
        
        <TEST name="TrfTestPPV6" type="script" suite="TrigP1HLTmenus">
            <options_atn>trigtest.pl --cleardir  --test TrfTestPPV6 --rundir TrfTestPPV6 --conf TrigP1Test.conf</options_atn>
            <timelimit>25</timelimit>
            <nightly_exclude>.*</nightly_exclude>
            <expectations>
                <errorMessage>FAILURE </errorMessage>
                <returnValue>0</returnValue>
            </expectations>
        </TEST>
        
        <TEST name="HLT_physicsV6_prescaleChange" type="script" suite="TrigP1HLTmenus">
            <options_atn>trigtest.pl --cleardir --test HLT_physicsV6_prescaleChange --rundir HLT_physicsV6_prescaleChange --conf TrigP1Test.conf</options_atn>
            <timelimit>25</timelimit>
            <nightly_exclude>.*</nightly_exclude>
            <expectations>
                <errorMessage>FAILURE </errorMessage>
                <returnValue>0</returnValue>
            </expectations>
        </TEST>
        
        <!--  rerun MT and PT on physics_pp_V6 menu and upload to db again (same test, different dir), check same key returned: only in P1 HLT -->
        
        <TEST name="HLT_physicsV6_rerun" type="script" suite="TrigP1HLTmenus">
            <options_atn>trigtest.pl --cleardir --test HLT_physicsV6_rerun --rundir HLT_physicsV6_rerun --conf TrigP1Test.conf</options_atn>
            <timelimit>20</timelimit>          
            <expectations>
                <errorMessage>FAILURE </errorMessage>
                <returnValue>0</returnValue>
            </expectations>
        </TEST>
        
                
        <TEST name="CheckKeysV6" type="script" suite="TrigP1HLTmenus">
            <options_atn>trigtest.pl --cleardir  --test CheckKeysV6 --rundir CheckKeysV6 --conf TrigP1Test.conf</options_atn>
            <timelimit>40</timelimit>     
            <mailto>joerg.stelzer@cern.ch</mailto> 
            <expectations>
                <errorMessage>FAILURE </errorMessage>
                <returnValue>0</returnValue>
            </expectations>
        </TEST>
        
        <TEST name="PrepareMenuKeys_p1" type="script" suite="TrigP1HLTmenus">
            <options_atn>trigtest.pl --cleardir  --test PrepareMenuKeys_p1 --rundir PrepareMenuKeys_p1 --conf TrigP1Test.conf</options_atn>
            <timelimit>25</timelimit>
            <nightly_exclude>.*</nightly_exclude>
            <expectations>
                <errorMessage>FAILURE </errorMessage>
                <returnValue>0</returnValue>
            </expectations>
        </TEST>
        
        
        <!-- ENABLE-IN-PROJECT-END -->
        <!-- End of menu uploading test chain -->
        
        <!--  A short chain of tests on data with the T0 reco release -->
        <!-- ENABLE-IN-PROJECT-BEGIN: AtlasHLT AtlasP1HLT AtlasCAFHLT AtlasTestHLT AtlasHLT -->
                       
         <TEST name="Trigreco_physicsV6_currentT0" type="script" suite="TrigP1HLTvarious"> 
            <options_atn>trigtest.pl --cleardir --test Trigreco_physicsV6_currentT0 --rundir Trigreco_physicsV6_currentT0 --conf TrigP1Test.conf</options_atn> 
            <timelimit>35</timelimit> 
            <expectations> 
                <errorMessage>FAILURE </errorMessage> 
                <returnValue>0</returnValue> 
            </expectations> 
        </TEST> 
        
        <TEST name="TrigEDMCheck_physicsV6_currentT0" type="script" suite="TrigP1HLTvarious"> 
            <options_atn>trigtest.pl --cleardir --test TrigEDMCheck_physicsV6_currentT0 --rundir TrigEDMCheck_physicsV6_currentT0 --conf TrigP1Test.conf</options_atn> 
            <timelimit>10</timelimit> 
            <expectations> 
                <errorMessage>FAILURE </errorMessage> 
                <returnValue>0</returnValue> 
            </expectations> 
        </TEST> 

        <TEST name="Trigreco_dbgstream_T0" type="script" suite="TrigP1HLTvarious"> 
            <options_atn>trigtest.pl --cleardir --test Trigreco_dbgstream_T0  --rundir Trigreco_dbgstream_T0 --conf TrigP1Test.conf</options_atn> 
            <timelimit>30</timelimit> 
            <expectations> 
                <errorMessage>FAILURE </errorMessage> 
                <returnValue>0</returnValue> 
            </expectations> 
        </TEST> 

       
        
              
                
        <!-- ENABLE-IN-PROJECT-END -->
        <!-- End of ofline reconstruction chain -->


        <!--  A short chain of tests onSteering and Data access -->
        <!-- ENABLE-IN-PROJECT-BEGIN: AtlasHLT AtlasP1HLT AtlasCAFHLT AtlasTestHLT AtlasHLT -->

	<TEST name="pureNewSteering_ecodes" type="script" suite="TrigP1pureNewSteering">
            <options_atn>trigtest.pl --test pureNewSteering_ecodes --run pureNewSteering_ecodes --conf TrigP1Test.conf</options_atn>
            <timelimit>10</timelimit>
            <author>TAPM validation</author>
            <expectations>
                <errorMessage>FAILURE </errorMessage>
                <returnValue>0</returnValue>
            </expectations>
        </TEST>
        
        <TEST name="pureNewSteering_prescaling" type="script" suite="TrigP1pureNewSteering">
            <options_atn>trigtest.pl --test pureNewSteering_prescaling --run pureNewSteering_prescaling --conf TrigP1Test.conf</options_atn>
            <timelimit>10</timelimit>
            <author>TAPM validation</author>
            <expectations>
                <errorMessage>FAILURE </errorMessage>
                <returnValue>0</returnValue>
            </expectations>
        </TEST>
        
        <TEST name="pureNewSteering_merged" type="script" suite="TrigP1pureNewSteering">
            <options_atn>trigtest.pl --test pureNewSteering_merged --run pureNewSteering_merged --conf TrigP1Test.conf</options_atn>
            <timelimit>10</timelimit>
            <author>TAPM validation</author>
            <expectations>
                <errorMessage>FAILURE </errorMessage>
                <returnValue>0</returnValue>
            </expectations>
        </TEST>
        
       
        <TEST name="AthenaTrigBS_L2EFMerging" type="script" suite="TrigP1L2EFMerging"> 
            <options_atn>trigtest.pl --test AthenaTrigBS_L2EFMerging --run AthenaTrigBS_L2EFMerging --conf TrigP1Test.conf</options_atn> 
            <timelimit>60</timelimit> 
            <author>TAPM validation</author>
            <mailto> francesca.pastore@cern.ch </mailto> 
            <expectations> 
                <errorMessage>FAILURE </errorMessage> 
                <returnValue>0</returnValue> 
            </expectations> 
        </TEST> 

        <!-- ENABLE-IN-PROJECT-END -->
        <!-- End of steering chain -->

        
        <!-- End of data chain --> 
        
        <TEST name="atn_timeline" type="script" suite="TrigP1HLT">
            <doc>ATN timeline</doc>
            <options_atn>atn_timeline.py --atn -p TrigP1Test </options_atn>
            <timelimit>2</timelimit>
            <author>Frank Winklmeier</author>
            <prerequisite>TrigP1HLTMC</prerequisite>
            <prerequisite>TrigP1HLTcore</prerequisite>
             <prerequisite>TrigP1HLTCOS</prerequisite> 
            <prerequisite>TrigP1HLTphysv6</prerequisite>
            <prerequisite>TrigP1HLTvarious</prerequisite>
            <prerequisite>TrigP1HLTmenus</prerequisite>
            <prerequisite>TrigP1HLThiV3</prerequisite>
            <expectations>
                <returnValue>0</returnValue>
            </expectations>
        </TEST>
        
        <TEST name="atn_xml_summary_table" type="script" suite="TrigP1HLT">
            <doc>Summary table</doc>
            <options_atn>atn_summary.pl</options_atn>
            <timelimit>2</timelimit>
            <prerequisite>TrigP1HLTMC</prerequisite>
            <prerequisite>TrigP1HLTcore</prerequisite>
            <prerequisite>TrigP1HLTCOS</prerequisite>
            <prerequisite>TrigP1HLTphysv6</prerequisite>
            <prerequisite>TrigP1HLTvarious</prerequisite>
            <prerequisite>TrigP1HLTmenus</prerequisite>
            <prerequisite>TrigP1HLThiV3</prerequisite>
            <expectations>
                <returnValue>0</returnValue>
            </expectations>
        </TEST>
        
        
    </atn>
    
    <kv/>
    
    
    <!-- ====================================================================== -->
    <!--                            RTT tests                                   -->
    <!-- ====================================================================== -->
    
    <rtt  xmlns="http://www.hep.ucl.ac.uk/atlas/AtlasTesting/rtt">
        
        <rttContactPerson>David Strom</rttContactPerson>
        <mailto>David.Strom@cern.ch</mailto>
        <refRelease>15.5.X.Y</refRelease>
        
        <jobList>
            
            <classification>
                <displayClass>OnlineValidation</displayClass>
                <displayProcess>Core</displayProcess>
                <displayComponent>Trig-Common</displayComponent>
            </classification>    
            
            <!-- ENABLE-IN-PROJECT-BEGIN: AtlasHLT AtlasP1HLT AtlasCAFHLT AtlasTestHLT -->
            
            <jobTransform userJobId="All_data_run_stop_run_chain" >
                <doc>
                    athenaHLT on DATA all slices Stop_Run_Stop
                </doc>
                <jobTransformJobName>All_data_run_stop_run_chain</jobTransformJobName>
                <jobTransformCmd>
                    get_files run-stop-run-saveHist-rtt.trans; athenaHLT.py --perfmon -i -M -F /afs/cern.ch/atlas/project/trigger/pesa-sw/validation/RTT/data/BS/rttEBdataRunStopRunEvents.py -o All_data_run_stop_run -c "testPhysicsV6=True;rerunLVL1=True;doValidation=True" TrigP1Test/runHLT_standaloneRTT.py &lt; run-stop-run-saveHist-rtt.trans
                </jobTransformCmd>
                <group>AtlasHLTChainTest</group>
                <queue>long</queue>
            </jobTransform>
            
            <jobTransform userJobId="athenaHLT_on_data_leakCheck" >
                <doc>
                    athenaHLT on DATA all slices leakCheck
                </doc>
                <jobTransformJobName>athenaHLT_on_data_leakCheck</jobTransformJobName>
                <jobTransformCmd>
                    export LD_PRELOAD=/afs/cern.ch/sw/lcg/external/libunwind/5c2cade/x86_64-slc6-gcc47-opt/lib/libunwind.so ; 
                    athenaHLT.py --stdcmalloc --leak-check-execute  -o HLT_physicsV6  -n 100 -f /afs/cern.ch/atlas/project/trigger/pesa-sw/validation/atn-test/data15_13TeV.00266904.physics_EnhancedBias.merge.RAW._lb0452._SFO-1._0001.1 -c 'testPhysicsV6=True;HLTOutputLevel=WARNING;doValidation=True' TrigP1Test/runHLT_standaloneRTT_leakCheck.py
                </jobTransformCmd>
                <group>AtlasHLTChainTest</group>
                <queue>long</queue>
            </jobTransform>
            
            <!-- ENABLE-IN-PROJECT-END -->
        </jobList>
        
        <jobGroups>
            
            <!-- Job group for AtlasHLTChainTest tests -->
            <jobGroup name="AthenaAtlasHLTChainTest" parent="Athena">
                <keepFilePattern info="Log files"  displayColor="red">*.txt</keepFilePattern>
                <keepFilePattern info="PerfMon ntuple">*.pmon.gz</keepFilePattern>
                <keepFilePattern info="PerfMon Hephaestus file" displayColor="blue">*.heph.log</keepFilePattern>
                <keepFilePattern info="PerfMon summary file" displayColor="blue">*.summary.txt</keepFilePattern>
                <keepFilePattern info="Test log file" displayColor="blue">*test*.log</keepFilePattern>
                <keepFilePattern info="RootComp PS file" displayColor="blue">rootcomp.ps.gz</keepFilePattern>
                <keepFilePattern info="PDF files">*.pdf</keepFilePattern>
                <keepFilePattern info="ROOT files">*.root</keepFilePattern>
                <keepFilePattern info="Python pickles">*.pickle</keepFilePattern>
                <keepFilePattern info="New reference files">*.new</keepFilePattern>
                
                <test position="1">
                    <modulename>RttLibraryTools</modulename>
                    <testname>PerfMonRunner</testname>
                    <arg>
                        <argname>fileName</argname>
                        <argvalue>ntuple.pmon.gz</argvalue>
                    </arg>
                    <arg>
                        <argname>options</argname>
                        <argvalue>-f 0.90</argvalue>
                    </arg>	
                </test>
                
                <test position="2">
                    <modulename>CheckLog</modulename>
                    <testname>CheckLog</testname>
                    <arg>
                        <argname>command</argname>
                        <argvalue>check_log.pl --config checklogTrigP1Test.conf %JOBLOG</argvalue>
                    </arg>
                </test>
                
                <test position="3">
                    <modulename>CheckStatusCode</modulename>
                    <testname>CheckStatusCode</testname>
                    <arg>
                        <argname>command</argname>
                        <argvalue>check_statuscode.py %JOBLOG</argvalue>
                    </arg>
                </test>
                
                <test position="4">
                    <modulename>RunMsgFinder</modulename>
                    <testname>RunMsgFinder</testname>
                </test>    
                
                <test position="5">
                    <modulename>chainDump</modulename>
                    <testname>chainDump</testname>
                    <arg>
                        <argname>rootFile</argname>
                        <argvalue>expert-monitoring.root</argvalue>
                    </arg>
                </test>
                
                <test position="6">
                    <modulename>LogTail</modulename>
                    <testname>LogTail</testname>
                    <arg>
                        <argname>command</argname>
                        <argvalue>tail -5000  %JOBLOG  >%JOBLOG.tail.txt</argvalue>
                    </arg>
                </test>
                
                <test position="7">
                    <modulename>TruncateLog</modulename>
                    <testname>TruncateLog</testname>
                    <arg>
                        <argname>command</argname>
                        <argvalue>mv %JOBLOG tmp.delete; head -n150000 tmp.delete  >%JOBLOG; rm tmp.delete</argvalue>
                    </arg>
                </test>
                
                <testToRemove>
                    <jobGroupName>RTT:Top</jobGroupName>
                    <testidentifier>PerfMonDozer0</testidentifier>
                </testToRemove>
                
            </jobGroup>
        </jobGroups>
    </rtt>
</unifiedTestConfiguration>
