<?xml version="1.0"?>
<atn>
   <TEST name="ut_ath_checkTrigger_test" type="script" suite="ASGTests">
      <options_atn>skip_if_libraryMissing.sh CPAnalysisExamples
      ut_ath_checkTrigger_test.exe</options_atn>
      <timelimit>10</timelimit>
      <author> Will Buttinger </author>
      <mailto> will@cern.ch </mailto>
      <expectations>
         <errorMessage> Athena exited abnormally </errorMessage>
         <errorMessage>FAILURE (ERROR)</errorMessage>
         <returnValue>0</returnValue>
      </expectations>
      <postscript>rootcomp.py --chi2 --atnMode --output rootcomp_Test_ut_ath_checkTrigger_test.results.root Test_ut_ath_checkTrigger_test.results.root &amp;&amp; root2html.py *.root
</postscript>
   </TEST>

   <TEST name="Test__EgammaCalibrationAndSmearingTool" type="script" suite="ASGTests">
      <options_atn>skip_if_libraryMissing.sh CPAnalysisExamples athena.py CPAnalysisExamples/Test__EgammaCalibrationAndSmearingToolJobOptions.py</options_atn>
      <timelimit>10</timelimit>
      <author> Egamma CP Group </author>
      <mailto> ruggero.turra@cern.ch </mailto>
      <expectations>
         <errorMessage> Athena exited abnormally </errorMessage>
         <errorMessage>FAILURE (ERROR)</errorMessage>
         <returnValue>0</returnValue>
      </expectations>
      <postscript>rootcomp.py --atnMode --output rootcomp_Test_EgammaCalibrationAndSmearingTool.results.root Test_EgammaCalibrationAndSmearingTool.results.root &amp;&amp; root2html.py *.root</postscript>
   </TEST>

   <TEST name="Test__TrackLinkTest" type="script" suite="ASGTests">
      <options_atn>skip_if_libraryMissing.sh CPAnalysisExamples athena.py CPAnalysisExamples/Test__TrackLinkTestJobOptions.py</options_atn>
      <timelimit>5</timelimit>
      <author> Thomas Maier </author>
      <mailto> tmaier@cern.ch </mailto>
      <expectations>
         <errorMessage> Athena exited abnormally </errorMessage>
         <errorMessage>FAILURE (ERROR)</errorMessage>
         <returnValue>0</returnValue>
      </expectations>
   </TEST>
   
   <TEST name="CPAnalysisExamples_makecheck" type="makecheck" suite="ASGTests">
      <package>CPAnalysisExamples</package>
      <timelimit>5</timelimit>
      <author>Will Buttinger</author>
      <mailto> will@cern.ch </mailto>
      <expectations>
         <errorMessage> Athena exited abnormally </errorMessage>
         <errorMessage>differ</errorMessage>
         <returnValue>0</returnValue>
      </expectations>
   </TEST>
</atn>
