<unifiedTestConfiguration>
  <atn>
     <TEST name="ByteStreamReadTest" type="athena" suite="Examples">
        <options_atn>EventLoopTest/ByteStreamReadTest.py</options_atn>
        <timelimit>5</timelimit>
        <author> Hong Ma </author>
        <mailto> hma@bnl.gov </mailto>
        <expectations>
           <errorMessage>FAILURE (ERROR)</errorMessage>
           <successMessage>Finalizing</successMessage>
           <returnValue>0</returnValue>
        </expectations>
     </TEST>
  </atn>
</unifiedTestConfiguration>
